Arguments: 
  /Users/fernandortec/.nvm/versions/node/v16.14.2/bin/node /opt/homebrew/Cellar/yarn/1.22.19/libexec/bin/yarn.js add 0D @types/node typescript

PATH: 
  /Users/fernandortec/.nvm/versions/node/v16.14.2/bin:/opt/homebrew/bin:/usr/local/bin:/usr/bin:/bin:/usr/sbin:/sbin:/Library/Apple/usr/bin:/Users/fernandortec/.nvm/versions/node/v16.14.2/bin:/opt/homebrew/bin

Yarn version: 
  1.22.19

Node version: 
  16.14.2

Platform: 
  darwin arm64

Trace: 
  Error: https://registry.yarnpkg.com/0D: Not found
      at Request.params.callback [as _callback] (/opt/homebrew/Cellar/yarn/1.22.19/libexec/lib/cli.js:66145:18)
      at Request.self.callback (/opt/homebrew/Cellar/yarn/1.22.19/libexec/lib/cli.js:140890:22)
      at Request.emit (node:events:526:28)
      at Request.<anonymous> (/opt/homebrew/Cellar/yarn/1.22.19/libexec/lib/cli.js:141862:10)
      at Request.emit (node:events:526:28)
      at IncomingMessage.<anonymous> (/opt/homebrew/Cellar/yarn/1.22.19/libexec/lib/cli.js:141784:12)
      at Object.onceWrapper (node:events:645:28)
      at IncomingMessage.emit (node:events:538:35)
      at endReadableNT (node:internal/streams/readable:1345:12)
      at processTicksAndRejections (node:internal/process/task_queues:83:21)

npm manifest: 
  {
    "name": "mycli",
    "version": "1.0.0",
    "main": "index.js",
    "license": "MIT",
    "dependencies": {
      "commander": "^10.0.1",
      "figlet": "^1.6.0"
    }
  }

yarn manifest: 
  No manifest

Lockfile: 
  # THIS IS AN AUTOGENERATED FILE. DO NOT EDIT THIS FILE DIRECTLY.
  # yarn lockfile v1
  
  
  commander@^10.0.1:
    version "10.0.1"
    resolved "https://registry.yarnpkg.com/commander/-/commander-10.0.1.tgz#881ee46b4f77d1c1dccc5823433aa39b022cbe06"
    integrity sha512-y4Mg2tXshplEbSGzx7amzPwKKOCGuoSRP/CjEdwwk0FOGlUbq6lKuoyDZTNZkmxHdJtp54hdfY/JUrdL7Xfdug==
  
  figlet@^1.6.0:
    version "1.6.0"
    resolved "https://registry.yarnpkg.com/figlet/-/figlet-1.6.0.tgz#812050fa9f01043b4d44ddeb11f20fb268fa4b93"
    integrity sha512-31EQGhCEITv6+hi2ORRPyn3bulaV9Fl4xOdR169cBzH/n1UqcxsiSB/noo6SJdD7Kfb1Ljit+IgR1USvF/XbdA==
